<?xml version="1.0" encoding="UTF-8"?>
<testsuite name="MainKtTest" tests="4" skipped="0" failures="0" errors="0" timestamp="2022-05-19T09:11:47" hostname="DESKTOP-F2N5U7C" time="0.034">
  <properties/>
  <testcase name="should_ReturnNegativeOfOneForThereNoA_When_ListOfChar_Without_A()" classname="MainKtTest" time="0.03"/>
  <testcase name="should_ReturnCharPercentage_When_ListOfChar_Single_A()" classname="MainKtTest" time="0.002"/>
  <testcase name="should_ReturnCharPercentage_When_ListOfChar_HalfInput()" classname="MainKtTest" time="0.001"/>
  <testcase name="should_ReturnCharPercentage_When_ListOfChar_AllInput()" classname="MainKtTest" time="0.001"/>
  <system-out><![CDATA[]]></system-out>
  <system-err><![CDATA[]]></system-err>
</testsuite>
